<?xml version="1.0" encoding="UTF-8"?>
<testsuite name="com.mindex.challenge.CompensationDataBootstrapTest" tests="1" skipped="0" failures="0" errors="0" timestamp="2023-03-12T01:09:41" hostname="DESKTOP-LN5IOAB" time="0.011">
  <properties/>
  <testcase name="testCompensation" classname="com.mindex.challenge.CompensationDataBootstrapTest" time="0.011"/>
  <system-out><![CDATA[2023-03-11 20:09:41.276  INFO 10664 --- [    Test worker] .b.t.c.SpringBootTestContextBootstrapper : Neither @ContextConfiguration nor @ContextHierarchy found for test class [com.mindex.challenge.CompensationDataBootstrapTest], using SpringBootContextLoader
2023-03-11 20:09:41.278  INFO 10664 --- [    Test worker] o.s.t.c.support.AbstractContextLoader    : Could not detect default resource locations for test class [com.mindex.challenge.CompensationDataBootstrapTest]: no resource found for suffixes {-context.xml, Context.groovy}.
2023-03-11 20:09:41.278  INFO 10664 --- [    Test worker] t.c.s.AnnotationConfigContextLoaderUtils : Could not detect default configuration classes for test class [com.mindex.challenge.CompensationDataBootstrapTest]: CompensationDataBootstrapTest does not declare any static, non-private, non-final, nested classes annotated with @Configuration.
2023-03-11 20:09:41.281  INFO 10664 --- [    Test worker] .b.t.c.SpringBootTestContextBootstrapper : Found @SpringBootConfiguration com.mindex.challenge.ChallengeApplication for test class com.mindex.challenge.CompensationDataBootstrapTest
2023-03-11 20:09:41.285  INFO 10664 --- [    Test worker] .b.t.c.SpringBootTestContextBootstrapper : Loaded default TestExecutionListener class names from location [META-INF/spring.factories]: [org.springframework.boot.test.autoconfigure.restdocs.RestDocsTestExecutionListener, org.springframework.boot.test.autoconfigure.web.client.MockRestServiceServerResetTestExecutionListener, org.springframework.boot.test.autoconfigure.web.servlet.MockMvcPrintOnlyOnFailureTestExecutionListener, org.springframework.boot.test.autoconfigure.web.servlet.WebDriverTestExecutionListener, org.springframework.boot.test.mock.mockito.MockitoTestExecutionListener, org.springframework.boot.test.mock.mockito.ResetMocksTestExecutionListener, org.springframework.test.context.web.ServletTestExecutionListener, org.springframework.test.context.support.DirtiesContextBeforeModesTestExecutionListener, org.springframework.test.context.support.DependencyInjectionTestExecutionListener, org.springframework.test.context.support.DirtiesContextTestExecutionListener, org.springframework.test.context.transaction.TransactionalTestExecutionListener, org.springframework.test.context.jdbc.SqlScriptsTestExecutionListener, org.springframework.test.context.event.EventPublishingTestExecutionListener]
2023-03-11 20:09:41.285  INFO 10664 --- [    Test worker] .b.t.c.SpringBootTestContextBootstrapper : Using TestExecutionListeners: [org.springframework.test.context.web.ServletTestExecutionListener@35222b8, org.springframework.test.context.support.DirtiesContextBeforeModesTestExecutionListener@1342fc4f, org.springframework.boot.test.mock.mockito.MockitoTestExecutionListener@467bfe81, org.springframework.boot.test.autoconfigure.SpringBootDependencyInjectionTestExecutionListener@327c6f3d, org.springframework.test.context.support.DirtiesContextTestExecutionListener@2029cc28, org.springframework.test.context.transaction.TransactionalTestExecutionListener@248dece6, org.springframework.test.context.jdbc.SqlScriptsTestExecutionListener@3d9b9100, org.springframework.test.context.event.EventPublishingTestExecutionListener@6c4f0409, org.springframework.boot.test.autoconfigure.restdocs.RestDocsTestExecutionListener@269cd24, org.springframework.boot.test.autoconfigure.web.client.MockRestServiceServerResetTestExecutionListener@49c8fb53, org.springframework.boot.test.autoconfigure.web.servlet.MockMvcPrintOnlyOnFailureTestExecutionListener@28ba70fb, org.springframework.boot.test.autoconfigure.web.servlet.WebDriverTestExecutionListener@3cc156a9, org.springframework.boot.test.mock.mockito.ResetMocksTestExecutionListener@708dbcf8]
]]></system-out>
  <system-err><![CDATA[]]></system-err>
</testsuite>
