<?xml version="1.0" encoding="UTF-8"?>
<testsuite name="com.mindex.challenge.ChallengeApplicationTests" tests="1" skipped="0" failures="0" errors="0" timestamp="2023-03-12T01:09:41" hostname="DESKTOP-LN5IOAB" time="0.004">
  <properties/>
  <testcase name="contextLoads" classname="com.mindex.challenge.ChallengeApplicationTests" time="0.004"/>
  <system-out><![CDATA[2023-03-11 20:09:39.050  INFO 10664 --- [    Test worker] .b.t.c.SpringBootTestContextBootstrapper : Neither @ContextConfiguration nor @ContextHierarchy found for test class [com.mindex.challenge.ChallengeApplicationTests], using SpringBootContextLoader
2023-03-11 20:09:39.052  INFO 10664 --- [    Test worker] o.s.t.c.support.AbstractContextLoader    : Could not detect default resource locations for test class [com.mindex.challenge.ChallengeApplicationTests]: no resource found for suffixes {-context.xml, Context.groovy}.
2023-03-11 20:09:39.052  INFO 10664 --- [    Test worker] t.c.s.AnnotationConfigContextLoaderUtils : Could not detect default configuration classes for test class [com.mindex.challenge.ChallengeApplicationTests]: ChallengeApplicationTests does not declare any static, non-private, non-final, nested classes annotated with @Configuration.
2023-03-11 20:09:39.068  INFO 10664 --- [    Test worker] .b.t.c.SpringBootTestContextBootstrapper : Found @SpringBootConfiguration com.mindex.challenge.ChallengeApplication for test class com.mindex.challenge.ChallengeApplicationTests
2023-03-11 20:09:39.072  INFO 10664 --- [    Test worker] .b.t.c.SpringBootTestContextBootstrapper : Loaded default TestExecutionListener class names from location [META-INF/spring.factories]: [org.springframework.boot.test.autoconfigure.restdocs.RestDocsTestExecutionListener, org.springframework.boot.test.autoconfigure.web.client.MockRestServiceServerResetTestExecutionListener, org.springframework.boot.test.autoconfigure.web.servlet.MockMvcPrintOnlyOnFailureTestExecutionListener, org.springframework.boot.test.autoconfigure.web.servlet.WebDriverTestExecutionListener, org.springframework.boot.test.mock.mockito.MockitoTestExecutionListener, org.springframework.boot.test.mock.mockito.ResetMocksTestExecutionListener, org.springframework.test.context.web.ServletTestExecutionListener, org.springframework.test.context.support.DirtiesContextBeforeModesTestExecutionListener, org.springframework.test.context.support.DependencyInjectionTestExecutionListener, org.springframework.test.context.support.DirtiesContextTestExecutionListener, org.springframework.test.context.transaction.TransactionalTestExecutionListener, org.springframework.test.context.jdbc.SqlScriptsTestExecutionListener, org.springframework.test.context.event.EventPublishingTestExecutionListener]
2023-03-11 20:09:39.072  INFO 10664 --- [    Test worker] .b.t.c.SpringBootTestContextBootstrapper : Using TestExecutionListeners: [org.springframework.test.context.web.ServletTestExecutionListener@514e76ae, org.springframework.test.context.support.DirtiesContextBeforeModesTestExecutionListener@7556f6c4, org.springframework.boot.test.mock.mockito.MockitoTestExecutionListener@98d9be6, org.springframework.boot.test.autoconfigure.SpringBootDependencyInjectionTestExecutionListener@33eaff91, org.springframework.test.context.support.DirtiesContextTestExecutionListener@11b30444, org.springframework.test.context.transaction.TransactionalTestExecutionListener@53112060, org.springframework.test.context.jdbc.SqlScriptsTestExecutionListener@36a6c34f, org.springframework.test.context.event.EventPublishingTestExecutionListener@52d4a47d, org.springframework.boot.test.autoconfigure.restdocs.RestDocsTestExecutionListener@5b4c1b47, org.springframework.boot.test.autoconfigure.web.client.MockRestServiceServerResetTestExecutionListener@104226e, org.springframework.boot.test.autoconfigure.web.servlet.MockMvcPrintOnlyOnFailureTestExecutionListener@1b825ba, org.springframework.boot.test.autoconfigure.web.servlet.WebDriverTestExecutionListener@76b89ebc, org.springframework.boot.test.mock.mockito.ResetMocksTestExecutionListener@4d15350f]

  .   ____          _            __ _ _
 /\\ / ___'_ __ _ _(_)_ __  __ _ \ \ \ \
( ( )\___ | '_ | '_| | '_ \/ _` | \ \ \ \
 \\/  ___)| |_)| | | | | || (_| |  ) ) ) )
  '  |____| .__|_| |_|_| |_\__, | / / / /
 =========|_|==============|___/=/_/_/_/
 :: Spring Boot ::        (v2.2.0.RELEASE)

2023-03-11 20:09:39.187  INFO 10664 --- [    Test worker] c.m.challenge.ChallengeApplicationTests  : Starting ChallengeApplicationTests on DESKTOP-LN5IOAB with PID 10664 (started by John in C:\Users\John\Desktop\Job Search\Interviews\mindex-java-code-challenge)
2023-03-11 20:09:39.187 DEBUG 10664 --- [    Test worker] c.m.challenge.ChallengeApplicationTests  : Running with Spring Boot v2.2.0.RELEASE, Spring v5.2.0.RELEASE
2023-03-11 20:09:39.187  INFO 10664 --- [    Test worker] c.m.challenge.ChallengeApplicationTests  : No active profile set, falling back to default profiles: default
2023-03-11 20:09:39.574  INFO 10664 --- [    Test worker] .s.d.r.c.RepositoryConfigurationDelegate : Bootstrapping Spring Data repositories in DEFAULT mode.
2023-03-11 20:09:39.598  INFO 10664 --- [    Test worker] .s.d.r.c.RepositoryConfigurationDelegate : Finished Spring Data repository scanning in 23ms. Found 2 repository interfaces.
2023-03-11 20:09:40.023  INFO 10664 --- [    Test worker] de.bwaldvogel.mongo.MongoServer          : started MongoServer(port: 56999, ssl: false)
2023-03-11 20:09:40.026  INFO 10664 --- [    Test worker] org.mongodb.driver.cluster               : Cluster created with settings {hosts=[127.0.0.1:56999], mode=SINGLE, requiredClusterType=UNKNOWN, serverSelectionTimeout='30000 ms', maxWaitQueueSize=500}
2023-03-11 20:09:40.031  INFO 10664 --- [-server-worker1] d.b.mongo.wire.MongoWireProtocolHandler  : client [id: 0xc01a53d7, L:/127.0.0.1:56999 - R:/127.0.0.1:57000] connected
2023-03-11 20:09:40.048  WARN 10664 --- [    Test worker] o.s.data.convert.CustomConversions       : Registering converter from class java.time.LocalDateTime to class java.time.Instant as reading converter although it doesn't convert from a store-supported type! You might wanna check you annotation setup at the converter implementation.
2023-03-11 20:09:40.051  WARN 10664 --- [    Test worker] o.s.data.convert.CustomConversions       : Registering converter from class java.time.Instant to class java.time.LocalDateTime as reading converter although it doesn't convert from a store-supported type! You might wanna check you annotation setup at the converter implementation.
2023-03-11 20:09:40.051  INFO 10664 --- [127.0.0.1:56999] org.mongodb.driver.connection            : Opened connection [connectionId{localValue:3}] to 127.0.0.1:56999
2023-03-11 20:09:40.054  INFO 10664 --- [127.0.0.1:56999] org.mongodb.driver.cluster               : Monitor thread successfully connected to server with description ServerDescription{address=127.0.0.1:56999, type=STANDALONE, state=CONNECTED, ok=true, version=ServerVersion{versionList=[3, 0, 0]}, minWireVersion=0, maxWireVersion=2, maxDocumentSize=16777216, logicalSessionTimeoutMinutes=null, roundTripTimeNanos=2866200}
2023-03-11 20:09:40.058  WARN 10664 --- [    Test worker] o.s.data.convert.CustomConversions       : Registering converter from class java.time.LocalDateTime to class java.time.Instant as reading converter although it doesn't convert from a store-supported type! You might wanna check you annotation setup at the converter implementation.
2023-03-11 20:09:40.058  WARN 10664 --- [    Test worker] o.s.data.convert.CustomConversions       : Registering converter from class java.time.Instant to class java.time.LocalDateTime as reading converter although it doesn't convert from a store-supported type! You might wanna check you annotation setup at the converter implementation.
2023-03-11 20:09:40.221  INFO 10664 --- [-server-worker2] d.b.mongo.wire.MongoWireProtocolHandler  : client [id: 0xe53b1b73, L:/127.0.0.1:56999 - R:/127.0.0.1:57002] connected
2023-03-11 20:09:40.238  INFO 10664 --- [    Test worker] org.mongodb.driver.connection            : Opened connection [connectionId{localValue:4}] to 127.0.0.1:56999
2023-03-11 20:09:40.239  INFO 10664 --- [-server-worker2] d.b.mongo.backend.AbstractMongoBackend   : created database test
2023-03-11 20:09:40.240  INFO 10664 --- [-server-worker2] d.b.mongo.backend.AbstractMongoDatabase  : adding unique _id index for collection compensation
2023-03-11 20:09:40.240  INFO 10664 --- [-server-worker2] d.b.mongo.backend.AbstractMongoDatabase  : created collection test.compensation
2023-03-11 20:09:40.296  INFO 10664 --- [-server-worker2] d.b.mongo.backend.AbstractMongoDatabase  : adding unique _id index for collection employee
2023-03-11 20:09:40.296  INFO 10664 --- [-server-worker2] d.b.mongo.backend.AbstractMongoDatabase  : created collection test.employee
2023-03-11 20:09:40.762  INFO 10664 --- [    Test worker] o.s.s.concurrent.ThreadPoolTaskExecutor  : Initializing ExecutorService 'applicationTaskExecutor'
2023-03-11 20:09:41.087  WARN 10664 --- [    Test worker] o.s.data.convert.CustomConversions       : Registering converter from class java.time.LocalDateTime to class java.time.Instant as reading converter although it doesn't convert from a store-supported type! You might wanna check you annotation setup at the converter implementation.
2023-03-11 20:09:41.088  WARN 10664 --- [    Test worker] o.s.data.convert.CustomConversions       : Registering converter from class java.time.Instant to class java.time.LocalDateTime as reading converter although it doesn't convert from a store-supported type! You might wanna check you annotation setup at the converter implementation.
2023-03-11 20:09:41.127  WARN 10664 --- [    Test worker] o.s.data.convert.CustomConversions       : Registering converter from class java.time.LocalDateTime to class java.time.Instant as reading converter although it doesn't convert from a store-supported type! You might wanna check you annotation setup at the converter implementation.
2023-03-11 20:09:41.128  WARN 10664 --- [    Test worker] o.s.data.convert.CustomConversions       : Registering converter from class java.time.Instant to class java.time.LocalDateTime as reading converter although it doesn't convert from a store-supported type! You might wanna check you annotation setup at the converter implementation.
2023-03-11 20:09:41.249  INFO 10664 --- [    Test worker] c.m.challenge.ChallengeApplicationTests  : Started ChallengeApplicationTests in 2.163 seconds (JVM running for 14.769)
]]></system-out>
  <system-err><![CDATA[]]></system-err>
</testsuite>
