<?xml version="1.0" encoding="UTF-8"?>
<testsuite name="com.mindex.challenge.EmployeeDataBootstrapTest" tests="1" skipped="0" failures="0" errors="0" timestamp="2023-03-12T01:09:41" hostname="DESKTOP-LN5IOAB" time="0.01">
  <properties/>
  <testcase name="testEmployee" classname="com.mindex.challenge.EmployeeDataBootstrapTest" time="0.01"/>
  <system-out><![CDATA[2023-03-11 20:09:41.303  INFO 10664 --- [    Test worker] .b.t.c.SpringBootTestContextBootstrapper : Neither @ContextConfiguration nor @ContextHierarchy found for test class [com.mindex.challenge.EmployeeDataBootstrapTest], using SpringBootContextLoader
2023-03-11 20:09:41.305  INFO 10664 --- [    Test worker] o.s.t.c.support.AbstractContextLoader    : Could not detect default resource locations for test class [com.mindex.challenge.EmployeeDataBootstrapTest]: no resource found for suffixes {-context.xml, Context.groovy}.
2023-03-11 20:09:41.305  INFO 10664 --- [    Test worker] t.c.s.AnnotationConfigContextLoaderUtils : Could not detect default configuration classes for test class [com.mindex.challenge.EmployeeDataBootstrapTest]: EmployeeDataBootstrapTest does not declare any static, non-private, non-final, nested classes annotated with @Configuration.
2023-03-11 20:09:41.309  INFO 10664 --- [    Test worker] .b.t.c.SpringBootTestContextBootstrapper : Found @SpringBootConfiguration com.mindex.challenge.ChallengeApplication for test class com.mindex.challenge.EmployeeDataBootstrapTest
2023-03-11 20:09:41.312  INFO 10664 --- [    Test worker] .b.t.c.SpringBootTestContextBootstrapper : Loaded default TestExecutionListener class names from location [META-INF/spring.factories]: [org.springframework.boot.test.autoconfigure.restdocs.RestDocsTestExecutionListener, org.springframework.boot.test.autoconfigure.web.client.MockRestServiceServerResetTestExecutionListener, org.springframework.boot.test.autoconfigure.web.servlet.MockMvcPrintOnlyOnFailureTestExecutionListener, org.springframework.boot.test.autoconfigure.web.servlet.WebDriverTestExecutionListener, org.springframework.boot.test.mock.mockito.MockitoTestExecutionListener, org.springframework.boot.test.mock.mockito.ResetMocksTestExecutionListener, org.springframework.test.context.web.ServletTestExecutionListener, org.springframework.test.context.support.DirtiesContextBeforeModesTestExecutionListener, org.springframework.test.context.support.DependencyInjectionTestExecutionListener, org.springframework.test.context.support.DirtiesContextTestExecutionListener, org.springframework.test.context.transaction.TransactionalTestExecutionListener, org.springframework.test.context.jdbc.SqlScriptsTestExecutionListener, org.springframework.test.context.event.EventPublishingTestExecutionListener]
2023-03-11 20:09:41.313  INFO 10664 --- [    Test worker] .b.t.c.SpringBootTestContextBootstrapper : Using TestExecutionListeners: [org.springframework.test.context.web.ServletTestExecutionListener@446afe2b, org.springframework.test.context.support.DirtiesContextBeforeModesTestExecutionListener@77513441, org.springframework.boot.test.mock.mockito.MockitoTestExecutionListener@6b9f2d51, org.springframework.boot.test.autoconfigure.SpringBootDependencyInjectionTestExecutionListener@45b5b161, org.springframework.test.context.support.DirtiesContextTestExecutionListener@56bd945a, org.springframework.test.context.transaction.TransactionalTestExecutionListener@28b051f0, org.springframework.test.context.jdbc.SqlScriptsTestExecutionListener@3a571412, org.springframework.test.context.event.EventPublishingTestExecutionListener@52018480, org.springframework.boot.test.autoconfigure.restdocs.RestDocsTestExecutionListener@68a4c5de, org.springframework.boot.test.autoconfigure.web.client.MockRestServiceServerResetTestExecutionListener@42b126eb, org.springframework.boot.test.autoconfigure.web.servlet.MockMvcPrintOnlyOnFailureTestExecutionListener@40445d2b, org.springframework.boot.test.autoconfigure.web.servlet.WebDriverTestExecutionListener@1ebff427, org.springframework.boot.test.mock.mockito.ResetMocksTestExecutionListener@507b581b]
]]></system-out>
  <system-err><![CDATA[]]></system-err>
</testsuite>
