<?xml version="1.0" encoding="UTF-8"?>
<testsuite name="com.mindex.challenge.service.impl.CompensationServiceImplTest" tests="2" skipped="0" failures="0" errors="0" timestamp="2023-03-12T01:09:37" hostname="DESKTOP-LN5IOAB" time="1.769">
  <properties/>
  <testcase name="testCreateReadUpdate" classname="com.mindex.challenge.service.impl.CompensationServiceImplTest" time="1.665"/>
  <testcase name="testReadEmployeeCompensations" classname="com.mindex.challenge.service.impl.CompensationServiceImplTest" time="0.101"/>
  <system-out><![CDATA[20:09:28.228 [Test worker] DEBUG org.springframework.test.context.junit4.SpringJUnit4ClassRunner - SpringJUnit4ClassRunner constructor called with [class com.mindex.challenge.service.impl.CompensationServiceImplTest]
20:09:28.244 [Test worker] DEBUG org.springframework.test.context.BootstrapUtils - Instantiating CacheAwareContextLoaderDelegate from class [org.springframework.test.context.cache.DefaultCacheAwareContextLoaderDelegate]
20:09:28.261 [Test worker] DEBUG org.springframework.test.context.BootstrapUtils - Instantiating BootstrapContext using constructor [public org.springframework.test.context.support.DefaultBootstrapContext(java.lang.Class,org.springframework.test.context.CacheAwareContextLoaderDelegate)]
20:09:28.325 [Test worker] DEBUG org.springframework.test.context.BootstrapUtils - Instantiating TestContextBootstrapper for test class [com.mindex.challenge.service.impl.CompensationServiceImplTest] from class [org.springframework.boot.test.context.SpringBootTestContextBootstrapper]
20:09:28.366 [Test worker] INFO org.springframework.boot.test.context.SpringBootTestContextBootstrapper - Neither @ContextConfiguration nor @ContextHierarchy found for test class [com.mindex.challenge.service.impl.CompensationServiceImplTest], using SpringBootContextLoader
20:09:28.376 [Test worker] DEBUG org.springframework.test.context.support.AbstractContextLoader - Did not detect default resource location for test class [com.mindex.challenge.service.impl.CompensationServiceImplTest]: class path resource [com/mindex/challenge/service/impl/CompensationServiceImplTest-context.xml] does not exist
20:09:28.378 [Test worker] DEBUG org.springframework.test.context.support.AbstractContextLoader - Did not detect default resource location for test class [com.mindex.challenge.service.impl.CompensationServiceImplTest]: class path resource [com/mindex/challenge/service/impl/CompensationServiceImplTestContext.groovy] does not exist
20:09:28.379 [Test worker] INFO org.springframework.test.context.support.AbstractContextLoader - Could not detect default resource locations for test class [com.mindex.challenge.service.impl.CompensationServiceImplTest]: no resource found for suffixes {-context.xml, Context.groovy}.
20:09:28.381 [Test worker] INFO org.springframework.test.context.support.AnnotationConfigContextLoaderUtils - Could not detect default configuration classes for test class [com.mindex.challenge.service.impl.CompensationServiceImplTest]: CompensationServiceImplTest does not declare any static, non-private, non-final, nested classes annotated with @Configuration.
20:09:28.559 [Test worker] DEBUG org.springframework.test.context.support.ActiveProfilesUtils - Could not find an 'annotation declaring class' for annotation type [org.springframework.test.context.ActiveProfiles] and class [com.mindex.challenge.service.impl.CompensationServiceImplTest]
20:09:28.745 [Test worker] DEBUG org.springframework.context.annotation.ClassPathScanningCandidateComponentProvider - Identified candidate component class: file [C:\Users\John\Desktop\Job Search\Interviews\mindex-java-code-challenge\build\classes\java\main\com\mindex\challenge\ChallengeApplication.class]
20:09:28.751 [Test worker] INFO org.springframework.boot.test.context.SpringBootTestContextBootstrapper - Found @SpringBootConfiguration com.mindex.challenge.ChallengeApplication for test class com.mindex.challenge.service.impl.CompensationServiceImplTest
20:09:28.921 [Test worker] DEBUG org.springframework.boot.test.context.SpringBootTestContextBootstrapper - @TestExecutionListeners is not present for class [com.mindex.challenge.service.impl.CompensationServiceImplTest]: using defaults.
20:09:28.922 [Test worker] INFO org.springframework.boot.test.context.SpringBootTestContextBootstrapper - Loaded default TestExecutionListener class names from location [META-INF/spring.factories]: [org.springframework.boot.test.autoconfigure.restdocs.RestDocsTestExecutionListener, org.springframework.boot.test.autoconfigure.web.client.MockRestServiceServerResetTestExecutionListener, org.springframework.boot.test.autoconfigure.web.servlet.MockMvcPrintOnlyOnFailureTestExecutionListener, org.springframework.boot.test.autoconfigure.web.servlet.WebDriverTestExecutionListener, org.springframework.boot.test.mock.mockito.MockitoTestExecutionListener, org.springframework.boot.test.mock.mockito.ResetMocksTestExecutionListener, org.springframework.test.context.web.ServletTestExecutionListener, org.springframework.test.context.support.DirtiesContextBeforeModesTestExecutionListener, org.springframework.test.context.support.DependencyInjectionTestExecutionListener, org.springframework.test.context.support.DirtiesContextTestExecutionListener, org.springframework.test.context.transaction.TransactionalTestExecutionListener, org.springframework.test.context.jdbc.SqlScriptsTestExecutionListener, org.springframework.test.context.event.EventPublishingTestExecutionListener]
20:09:28.958 [Test worker] INFO org.springframework.boot.test.context.SpringBootTestContextBootstrapper - Using TestExecutionListeners: [org.springframework.test.context.web.ServletTestExecutionListener@7eba1169, org.springframework.test.context.support.DirtiesContextBeforeModesTestExecutionListener@f693219, org.springframework.boot.test.mock.mockito.MockitoTestExecutionListener@5d964bf5, org.springframework.boot.test.autoconfigure.SpringBootDependencyInjectionTestExecutionListener@1e72df42, org.springframework.test.context.support.DirtiesContextTestExecutionListener@30edb4bc, org.springframework.test.context.transaction.TransactionalTestExecutionListener@7652a142, org.springframework.test.context.jdbc.SqlScriptsTestExecutionListener@19f4959e, org.springframework.test.context.event.EventPublishingTestExecutionListener@11f4c12d, org.springframework.boot.test.autoconfigure.restdocs.RestDocsTestExecutionListener@4c61dffb, org.springframework.boot.test.autoconfigure.web.client.MockRestServiceServerResetTestExecutionListener@2f5a2f84, org.springframework.boot.test.autoconfigure.web.servlet.MockMvcPrintOnlyOnFailureTestExecutionListener@123f0794, org.springframework.boot.test.autoconfigure.web.servlet.WebDriverTestExecutionListener@25754157, org.springframework.boot.test.mock.mockito.ResetMocksTestExecutionListener@6729dc05]
20:09:28.964 [Test worker] DEBUG org.springframework.test.annotation.ProfileValueUtils - Retrieved @ProfileValueSourceConfiguration [null] for test class [com.mindex.challenge.service.impl.CompensationServiceImplTest]
20:09:28.966 [Test worker] DEBUG org.springframework.test.annotation.ProfileValueUtils - Retrieved ProfileValueSource type [class org.springframework.test.annotation.SystemProfileValueSource] for class [com.mindex.challenge.service.impl.CompensationServiceImplTest]
20:09:28.968 [Test worker] DEBUG org.springframework.test.annotation.ProfileValueUtils - Retrieved @ProfileValueSourceConfiguration [null] for test class [com.mindex.challenge.service.impl.CompensationServiceImplTest]
20:09:28.968 [Test worker] DEBUG org.springframework.test.annotation.ProfileValueUtils - Retrieved ProfileValueSource type [class org.springframework.test.annotation.SystemProfileValueSource] for class [com.mindex.challenge.service.impl.CompensationServiceImplTest]
20:09:28.977 [Test worker] DEBUG org.springframework.test.context.support.AbstractDirtiesContextTestExecutionListener - Before test class: context [DefaultTestContext@1ee0b669 testClass = CompensationServiceImplTest, testInstance = [null], testMethod = [null], testException = [null], mergedContextConfiguration = [WebMergedContextConfiguration@35089d1f testClass = CompensationServiceImplTest, locations = '{}', classes = '{class com.mindex.challenge.ChallengeApplication}', contextInitializerClasses = '[]', activeProfiles = '{}', propertySourceLocations = '{}', propertySourceProperties = '{org.springframework.boot.test.context.SpringBootTestContextBootstrapper=true, server.port=0}', contextCustomizers = set[org.springframework.boot.test.autoconfigure.properties.PropertyMappingContextCustomizer@0, org.springframework.boot.test.autoconfigure.web.servlet.WebDriverContextCustomizerFactory$Customizer@3aa5b9b9, org.springframework.boot.test.context.filter.ExcludeFilterContextCustomizer@1ba5fa0f, org.springframework.boot.test.json.DuplicateJsonObjectContextCustomizerFactory$DuplicateJsonObjectContextCustomizer@3f5a853b, org.springframework.boot.test.mock.mockito.MockitoContextCustomizer@0, org.springframework.boot.test.web.client.TestRestTemplateContextCustomizer@3421ccd0], resourceBasePath = 'src/main/webapp', contextLoader = 'org.springframework.boot.test.context.SpringBootContextLoader', parent = [null]], attributes = map['org.springframework.test.context.web.ServletTestExecutionListener.activateListener' -> false]], class annotated with @DirtiesContext [false] with mode [null].
20:09:28.981 [Test worker] DEBUG org.springframework.test.annotation.ProfileValueUtils - Retrieved @ProfileValueSourceConfiguration [null] for test class [com.mindex.challenge.service.impl.CompensationServiceImplTest]
20:09:28.982 [Test worker] DEBUG org.springframework.test.annotation.ProfileValueUtils - Retrieved ProfileValueSource type [class org.springframework.test.annotation.SystemProfileValueSource] for class [com.mindex.challenge.service.impl.CompensationServiceImplTest]
20:09:28.991 [Test worker] DEBUG org.springframework.test.context.support.DependencyInjectionTestExecutionListener - Performing dependency injection for test context [[DefaultTestContext@1ee0b669 testClass = CompensationServiceImplTest, testInstance = com.mindex.challenge.service.impl.CompensationServiceImplTest@342a35e7, testMethod = [null], testException = [null], mergedContextConfiguration = [WebMergedContextConfiguration@35089d1f testClass = CompensationServiceImplTest, locations = '{}', classes = '{class com.mindex.challenge.ChallengeApplication}', contextInitializerClasses = '[]', activeProfiles = '{}', propertySourceLocations = '{}', propertySourceProperties = '{org.springframework.boot.test.context.SpringBootTestContextBootstrapper=true, server.port=0}', contextCustomizers = set[org.springframework.boot.test.autoconfigure.properties.PropertyMappingContextCustomizer@0, org.springframework.boot.test.autoconfigure.web.servlet.WebDriverContextCustomizerFactory$Customizer@3aa5b9b9, org.springframework.boot.test.context.filter.ExcludeFilterContextCustomizer@1ba5fa0f, org.springframework.boot.test.json.DuplicateJsonObjectContextCustomizerFactory$DuplicateJsonObjectContextCustomizer@3f5a853b, org.springframework.boot.test.mock.mockito.MockitoContextCustomizer@0, org.springframework.boot.test.web.client.TestRestTemplateContextCustomizer@3421ccd0], resourceBasePath = 'src/main/webapp', contextLoader = 'org.springframework.boot.test.context.SpringBootContextLoader', parent = [null]], attributes = map['org.springframework.test.context.web.ServletTestExecutionListener.activateListener' -> false]]].
20:09:29.030 [Test worker] DEBUG org.springframework.test.context.support.TestPropertySourceUtils - Adding inlined properties to environment: {spring.jmx.enabled=false, org.springframework.boot.test.context.SpringBootTestContextBootstrapper=true, server.port=0}

  .   ____          _            __ _ _
 /\\ / ___'_ __ _ _(_)_ __  __ _ \ \ \ \
( ( )\___ | '_ | '_| | '_ \/ _` | \ \ \ \
 \\/  ___)| |_)| | | | | || (_| |  ) ) ) )
  '  |____| .__|_| |_|_| |_\__, | / / / /
 =========|_|==============|___/=/_/_/_/
 :: Spring Boot ::        (v2.2.0.RELEASE)

2023-03-11 20:09:29.785  INFO 10664 --- [    Test worker] c.m.c.s.i.CompensationServiceImplTest    : Starting CompensationServiceImplTest on DESKTOP-LN5IOAB with PID 10664 (started by John in C:\Users\John\Desktop\Job Search\Interviews\mindex-java-code-challenge)
2023-03-11 20:09:29.788 DEBUG 10664 --- [    Test worker] c.m.c.s.i.CompensationServiceImplTest    : Running with Spring Boot v2.2.0.RELEASE, Spring v5.2.0.RELEASE
2023-03-11 20:09:29.789  INFO 10664 --- [    Test worker] c.m.c.s.i.CompensationServiceImplTest    : No active profile set, falling back to default profiles: default
2023-03-11 20:09:30.747  INFO 10664 --- [    Test worker] .s.d.r.c.RepositoryConfigurationDelegate : Bootstrapping Spring Data repositories in DEFAULT mode.
2023-03-11 20:09:30.870  INFO 10664 --- [    Test worker] .s.d.r.c.RepositoryConfigurationDelegate : Finished Spring Data repository scanning in 111ms. Found 2 repository interfaces.
2023-03-11 20:09:32.569  INFO 10664 --- [    Test worker] o.s.b.w.embedded.tomcat.TomcatWebServer  : Tomcat initialized with port(s): 0 (http)
2023-03-11 20:09:32.592  INFO 10664 --- [    Test worker] o.apache.catalina.core.StandardService   : Starting service [Tomcat]
2023-03-11 20:09:32.593  INFO 10664 --- [    Test worker] org.apache.catalina.core.StandardEngine  : Starting Servlet engine: [Apache Tomcat/9.0.27]
2023-03-11 20:09:32.845  INFO 10664 --- [    Test worker] o.a.c.c.C.[Tomcat].[localhost].[/]       : Initializing Spring embedded WebApplicationContext
2023-03-11 20:09:32.846  INFO 10664 --- [    Test worker] o.s.web.context.ContextLoader            : Root WebApplicationContext: initialization completed in 3006 ms
2023-03-11 20:09:34.203  INFO 10664 --- [    Test worker] de.bwaldvogel.mongo.MongoServer          : started MongoServer(port: 56916, ssl: false)
2023-03-11 20:09:34.346  INFO 10664 --- [    Test worker] org.mongodb.driver.cluster               : Cluster created with settings {hosts=[127.0.0.1:56916], mode=SINGLE, requiredClusterType=UNKNOWN, serverSelectionTimeout='30000 ms', maxWaitQueueSize=500}
2023-03-11 20:09:34.475  INFO 10664 --- [-server-worker1] d.b.mongo.wire.MongoWireProtocolHandler  : client [id: 0x3da61917, L:/127.0.0.1:56916 - R:/127.0.0.1:56917] connected
2023-03-11 20:09:34.616  INFO 10664 --- [127.0.0.1:56916] org.mongodb.driver.connection            : Opened connection [connectionId{localValue:1}] to 127.0.0.1:56916
2023-03-11 20:09:34.624  INFO 10664 --- [127.0.0.1:56916] org.mongodb.driver.cluster               : Monitor thread successfully connected to server with description ServerDescription{address=127.0.0.1:56916, type=STANDALONE, state=CONNECTED, ok=true, version=ServerVersion{versionList=[3, 0, 0]}, minWireVersion=0, maxWireVersion=2, maxDocumentSize=16777216, logicalSessionTimeoutMinutes=null, roundTripTimeNanos=3725600}
2023-03-11 20:09:34.644  WARN 10664 --- [    Test worker] o.s.data.convert.CustomConversions       : Registering converter from class java.time.LocalDateTime to class java.time.Instant as reading converter although it doesn't convert from a store-supported type! You might wanna check you annotation setup at the converter implementation.
2023-03-11 20:09:34.644  WARN 10664 --- [    Test worker] o.s.data.convert.CustomConversions       : Registering converter from class java.time.Instant to class java.time.LocalDateTime as reading converter although it doesn't convert from a store-supported type! You might wanna check you annotation setup at the converter implementation.
2023-03-11 20:09:34.658  WARN 10664 --- [    Test worker] o.s.data.convert.CustomConversions       : Registering converter from class java.time.LocalDateTime to class java.time.Instant as reading converter although it doesn't convert from a store-supported type! You might wanna check you annotation setup at the converter implementation.
2023-03-11 20:09:34.659  WARN 10664 --- [    Test worker] o.s.data.convert.CustomConversions       : Registering converter from class java.time.Instant to class java.time.LocalDateTime as reading converter although it doesn't convert from a store-supported type! You might wanna check you annotation setup at the converter implementation.
2023-03-11 20:09:35.514  INFO 10664 --- [-server-worker2] d.b.mongo.wire.MongoWireProtocolHandler  : client [id: 0xa0c537fb, L:/127.0.0.1:56916 - R:/127.0.0.1:56918] connected
2023-03-11 20:09:35.527  INFO 10664 --- [    Test worker] org.mongodb.driver.connection            : Opened connection [connectionId{localValue:2}] to 127.0.0.1:56916
2023-03-11 20:09:35.598  INFO 10664 --- [-server-worker2] d.b.mongo.backend.AbstractMongoBackend   : created database test
2023-03-11 20:09:35.625  INFO 10664 --- [-server-worker2] d.b.mongo.backend.AbstractMongoDatabase  : adding unique _id index for collection compensation
2023-03-11 20:09:35.628  INFO 10664 --- [-server-worker2] d.b.mongo.backend.AbstractMongoDatabase  : created collection test.compensation
2023-03-11 20:09:35.731  INFO 10664 --- [-server-worker2] d.b.mongo.backend.AbstractMongoDatabase  : adding unique _id index for collection employee
2023-03-11 20:09:35.731  INFO 10664 --- [-server-worker2] d.b.mongo.backend.AbstractMongoDatabase  : created collection test.employee
2023-03-11 20:09:36.373  INFO 10664 --- [    Test worker] o.s.s.concurrent.ThreadPoolTaskExecutor  : Initializing ExecutorService 'applicationTaskExecutor'
2023-03-11 20:09:36.889  WARN 10664 --- [    Test worker] o.s.data.convert.CustomConversions       : Registering converter from class java.time.LocalDateTime to class java.time.Instant as reading converter although it doesn't convert from a store-supported type! You might wanna check you annotation setup at the converter implementation.
2023-03-11 20:09:36.890  WARN 10664 --- [    Test worker] o.s.data.convert.CustomConversions       : Registering converter from class java.time.Instant to class java.time.LocalDateTime as reading converter although it doesn't convert from a store-supported type! You might wanna check you annotation setup at the converter implementation.
2023-03-11 20:09:36.958  WARN 10664 --- [    Test worker] o.s.data.convert.CustomConversions       : Registering converter from class java.time.LocalDateTime to class java.time.Instant as reading converter although it doesn't convert from a store-supported type! You might wanna check you annotation setup at the converter implementation.
2023-03-11 20:09:36.959  WARN 10664 --- [    Test worker] o.s.data.convert.CustomConversions       : Registering converter from class java.time.Instant to class java.time.LocalDateTime as reading converter although it doesn't convert from a store-supported type! You might wanna check you annotation setup at the converter implementation.
2023-03-11 20:09:37.248  INFO 10664 --- [    Test worker] o.s.b.w.embedded.tomcat.TomcatWebServer  : Tomcat started on port(s): 56919 (http) with context path ''
2023-03-11 20:09:37.256  INFO 10664 --- [    Test worker] c.m.c.s.i.CompensationServiceImplTest    : Started CompensationServiceImplTest in 8.219 seconds (JVM running for 10.777)
2023-03-11 20:09:38.155 DEBUG 10664 --- [    Test worker] c.m.c.service.impl.EmployeeServiceImpl   : Creating employee [com.mindex.challenge.data.Employee@64f80fa5]
2023-03-11 20:09:38.425  INFO 10664 --- [o-auto-1-exec-1] o.a.c.c.C.[Tomcat].[localhost].[/]       : Initializing Spring DispatcherServlet 'dispatcherServlet'
2023-03-11 20:09:38.425  INFO 10664 --- [o-auto-1-exec-1] o.s.web.servlet.DispatcherServlet        : Initializing Servlet 'dispatcherServlet'
2023-03-11 20:09:38.496  INFO 10664 --- [o-auto-1-exec-1] o.s.web.servlet.DispatcherServlet        : Completed initialization in 71 ms
2023-03-11 20:09:38.597 DEBUG 10664 --- [o-auto-1-exec-1] c.m.c.controller.CompensationController  : Received compensation create request for [com.mindex.challenge.data.Compensation@4a5711ab]
2023-03-11 20:09:38.597 DEBUG 10664 --- [o-auto-1-exec-1] c.m.c.s.impl.CompensationServiceImpl     : Creating Compensation [com.mindex.challenge.data.Compensation@4a5711ab]
2023-03-11 20:09:38.714 DEBUG 10664 --- [o-auto-1-exec-2] c.m.c.controller.CompensationController  : Received compensation read request for id [27b1198c-0575-4be0-be3f-1585f996c55e]
2023-03-11 20:09:38.714 DEBUG 10664 --- [o-auto-1-exec-2] c.m.c.s.impl.CompensationServiceImpl     : Reading Compensation with id [27b1198c-0575-4be0-be3f-1585f996c55e]
2023-03-11 20:09:38.923 DEBUG 10664 --- [o-auto-1-exec-3] c.m.c.controller.CompensationController  : Received compensation create request for id [27b1198c-0575-4be0-be3f-1585f996c55e] and compensation [com.mindex.challenge.data.Compensation@6887f082]
2023-03-11 20:09:38.923 DEBUG 10664 --- [o-auto-1-exec-3] c.m.c.s.impl.CompensationServiceImpl     : Updating Compensation [com.mindex.challenge.data.Compensation@6887f082]
2023-03-11 20:09:38.948 DEBUG 10664 --- [    Test worker] c.m.c.service.impl.EmployeeServiceImpl   : Creating employee [com.mindex.challenge.data.Employee@7fc00a39]
2023-03-11 20:09:38.960 DEBUG 10664 --- [o-auto-1-exec-4] c.m.c.controller.CompensationController  : Received compensation create request for [com.mindex.challenge.data.Compensation@71d5f40]
2023-03-11 20:09:38.960 DEBUG 10664 --- [o-auto-1-exec-4] c.m.c.s.impl.CompensationServiceImpl     : Creating Compensation [com.mindex.challenge.data.Compensation@71d5f40]
2023-03-11 20:09:38.981 DEBUG 10664 --- [o-auto-1-exec-5] c.m.c.controller.CompensationController  : Received compensation create request for [com.mindex.challenge.data.Compensation@5ca9bb5b]
2023-03-11 20:09:38.982 DEBUG 10664 --- [o-auto-1-exec-5] c.m.c.s.impl.CompensationServiceImpl     : Creating Compensation [com.mindex.challenge.data.Compensation@5ca9bb5b]
2023-03-11 20:09:39.012 DEBUG 10664 --- [o-auto-1-exec-6] c.m.c.controller.CompensationController  : Received employee compensation read request for id [98e63611-bd6e-47be-9c52-5bf5744b3ea7]
2023-03-11 20:09:39.012 DEBUG 10664 --- [o-auto-1-exec-6] c.m.c.service.impl.EmployeeServiceImpl   : Fetching employee with id [98e63611-bd6e-47be-9c52-5bf5744b3ea7]
2023-03-11 20:09:39.020 DEBUG 10664 --- [o-auto-1-exec-6] c.m.c.s.impl.CompensationServiceImpl     : Reading Compensation with id [98e63611-bd6e-47be-9c52-5bf5744b3ea7]
]]></system-out>
  <system-err><![CDATA[]]></system-err>
</testsuite>
